c:\program files (x86)\steam\steamapps\common\quake 4\boiling\win32\debug\game\game.pch
c:\program files (x86)\steam\steamapps\common\quake 4\boiling\win32\debug\gamex86.pdb
c:\program files (x86)\steam\steamapps\common\quake 4\boiling\win32\debug\gamex86.idb
c:\program files (x86)\steam\steamapps\common\quake 4\boiling\win32\debug\game\af.obj
c:\program files (x86)\steam\steamapps\common\quake 4\boiling\win32\debug\game\ai_util.obj
c:\program files (x86)\steam\steamapps\common\quake 4\boiling\win32\debug\game\ai_tactical.obj
c:\program files (x86)\steam\steamapps\common\quake 4\boiling\win32\debug\game\ai_states.obj
c:\program files (x86)\steam\steamapps\common\quake 4\boiling\win32\debug\game\ai_pathing.obj
c:\program files (x86)\steam\steamapps\common\quake 4\boiling\win32\debug\game\ai_move.obj
c:\program files (x86)\steam\steamapps\common\quake 4\boiling\win32\debug\game\ai_medic.obj
c:\program files (x86)\steam\steamapps\common\quake 4\boiling\win32\debug\game\ai_manager.obj
c:\program files (x86)\steam\steamapps\common\quake 4\boiling\win32\debug\game\ai_events.obj
c:\program files (x86)\steam\steamapps\common\quake 4\boiling\win32\debug\game\ai_debug.obj
c:\program files (x86)\steam\steamapps\common\quake 4\boiling\win32\debug\game\ai_announcements.obj
c:\program files (x86)\steam\steamapps\common\quake 4\boiling\win32\debug\game\ai_actions.obj
c:\program files (x86)\steam\steamapps\common\quake 4\boiling\win32\debug\game\ai.obj
c:\program files (x86)\steam\steamapps\common\quake 4\boiling\win32\debug\game\aas_tactical.obj
c:\program files (x86)\steam\steamapps\common\quake 4\boiling\win32\debug\game\aas_routing.obj
c:\program files (x86)\steam\steamapps\common\quake 4\boiling\win32\debug\game\aas_pathing.obj
c:\program files (x86)\steam\steamapps\common\quake 4\boiling\win32\debug\game\aas_find.obj
c:\program files (x86)\steam\steamapps\common\quake 4\boiling\win32\debug\game\aas_debug.obj
c:\program files (x86)\steam\steamapps\common\quake 4\boiling\win32\debug\game\aas.obj
c:\program files (x86)\steam\steamapps\common\quake 4\boiling\win32\debug\game\afentity.obj
c:\program files (x86)\steam\steamapps\common\quake 4\boiling\win32\debug\game\actor.obj
c:\program files (x86)\steam\steamapps\common\quake 4\boiling\win32\debug\game\monster_slimytransfer.obj
c:\program files (x86)\steam\steamapps\common\quake 4\boiling\win32\debug\game\monster_sentry.obj
c:\program files (x86)\steam\steamapps\common\quake 4\boiling\win32\debug\game\monster_scientist.obj
c:\program files (x86)\steam\steamapps\common\quake 4\boiling\win32\debug\game\monster_repairbot.obj
c:\program files (x86)\steam\steamapps\common\quake 4\boiling\win32\debug\game\monster_networkguardian.obj
c:\program files (x86)\steam\steamapps\common\quake 4\boiling\win32\debug\game\monster_lighttank.obj
c:\program files (x86)\steam\steamapps\common\quake 4\boiling\win32\debug\game\monster_ironmaiden.obj
c:\program files (x86)\steam\steamapps\common\quake 4\boiling\win32\debug\game\monster_heavyhovertank.obj
c:\program files (x86)\steam\steamapps\common\quake 4\boiling\win32\debug\game\monster_harvesterdispersal.obj
c:\program files (x86)\steam\steamapps\common\quake 4\boiling\win32\debug\game\monster_harvester.obj
c:\program files (x86)\steam\steamapps\common\quake 4\boiling\win32\debug\game\monster_gunner.obj
c:\program files (x86)\steam\steamapps\common\quake 4\boiling\win32\debug\game\monster_grunt.obj
c:\program files (x86)\steam\steamapps\common\quake 4\boiling\win32\debug\game\monster_gladiator.obj
c:\program files (x86)\steam\steamapps\common\quake 4\boiling\win32\debug\game\monster_fatty.obj
c:\program files (x86)\steam\steamapps\common\quake 4\boiling\win32\debug\game\monster_failedtransfer.obj
c:\program files (x86)\steam\steamapps\common\quake 4\boiling\win32\debug\game\monster_convoyhover.obj
c:\program files (x86)\steam\steamapps\common\quake 4\boiling\win32\debug\game\monster_convoyground.obj
c:\program files (x86)\steam\steamapps\common\quake 4\boiling\win32\debug\game\monster_bossmakron.obj
c:\program files (x86)\steam\steamapps\common\quake 4\boiling\win32\debug\game\monster_bossbuddy.obj
c:\program files (x86)\steam\steamapps\common\quake 4\boiling\win32\debug\game\monster_berserker.obj
c:\program files (x86)\steam\steamapps\common\quake 4\boiling\win32\debug\game\effect.obj
c:\program files (x86)\steam\steamapps\common\quake 4\boiling\win32\debug\game\clientmoveable.obj
c:\program files (x86)\steam\steamapps\common\quake 4\boiling\win32\debug\game\clientmodel.obj
c:\program files (x86)\steam\steamapps\common\quake 4\boiling\win32\debug\game\cliententity.obj
c:\program files (x86)\steam\steamapps\common\quake 4\boiling\win32\debug\game\clienteffect.obj
c:\program files (x86)\steam\steamapps\common\quake 4\boiling\win32\debug\game\clientafentity.obj
c:\program files (x86)\steam\steamapps\common\quake 4\boiling\win32\debug\game\camera.obj
c:\program files (x86)\steam\steamapps\common\quake 4\boiling\win32\debug\game\brittlefracture.obj
c:\program files (x86)\steam\steamapps\common\quake 4\boiling\win32\debug\game\anim_testmodel.obj
c:\program files (x86)\steam\steamapps\common\quake 4\boiling\win32\debug\game\anim_import.obj
c:\program files (x86)\steam\steamapps\common\quake 4\boiling\win32\debug\game\anim_blend.obj
c:\program files (x86)\steam\steamapps\common\quake 4\boiling\win32\debug\game\anim.obj
c:\program files (x86)\steam\steamapps\common\quake 4\boiling\win32\debug\game\vehicleai.obj
c:\program files (x86)\steam\steamapps\common\quake 4\boiling\win32\debug\game\monster_turretflying.obj
c:\program files (x86)\steam\steamapps\common\quake 4\boiling\win32\debug\game\monster_turret.obj
c:\program files (x86)\steam\steamapps\common\quake 4\boiling\win32\debug\game\monster_teleportdropper.obj
c:\program files (x86)\steam\steamapps\common\quake 4\boiling\win32\debug\game\monster_stroggmarine.obj
c:\program files (x86)\steam\steamapps\common\quake 4\boiling\win32\debug\game\monster_strogghover.obj
c:\program files (x86)\steam\steamapps\common\quake 4\boiling\win32\debug\game\monster_stroggflyer.obj
c:\program files (x86)\steam\steamapps\common\quake 4\boiling\win32\debug\game\monster_streamprotector.obj
c:\program files (x86)\steam\steamapps\common\quake 4\boiling\win32\debug\game\item.obj
c:\program files (x86)\steam\steamapps\common\quake 4\boiling\win32\debug\game\instance.obj
c:\program files (x86)\steam\steamapps\common\quake 4\boiling\win32\debug\game\ik.obj
c:\program files (x86)\steam\steamapps\common\quake 4\boiling\win32\debug\game\iconmanager.obj
c:\program files (x86)\steam\steamapps\common\quake 4\boiling\win32\debug\game\icon.obj
c:\program files (x86)\steam\steamapps\common\quake 4\boiling\win32\debug\game\healing_station.obj
c:\program files (x86)\steam\steamapps\common\quake 4\boiling\win32\debug\game\game_network.obj
c:\program files (x86)\steam\steamapps\common\quake 4\boiling\win32\debug\game\game_log.obj
c:\program files (x86)\steam\steamapps\common\quake 4\boiling\win32\debug\game\game_local.obj
c:\program files (x86)\steam\steamapps\common\quake 4\boiling\win32\debug\game\game_debug.obj
c:\program files (x86)\steam\steamapps\common\quake 4\boiling\win32\debug\game\syscvar.obj
c:\program files (x86)\steam\steamapps\common\quake 4\boiling\win32\debug\game\syscmds.obj
c:\program files (x86)\steam\steamapps\common\quake 4\boiling\win32\debug\game\state.obj
c:\program files (x86)\steam\steamapps\common\quake 4\boiling\win32\debug\game\savegame.obj
c:\program files (x86)\steam\steamapps\common\quake 4\boiling\win32\debug\game\event.obj
c:\program files (x86)\steam\steamapps\common\quake 4\boiling\win32\debug\game\debuggraph.obj
c:\program files (x86)\steam\steamapps\common\quake 4\boiling\win32\debug\game\class.obj
c:\program files (x86)\steam\steamapps\common\quake 4\boiling\win32\debug\game\gameedit.obj
c:\program files (x86)\steam\steamapps\common\quake 4\boiling\win32\debug\game\freeview.obj
c:\program files (x86)\steam\steamapps\common\quake 4\boiling\win32\debug\game\entity.obj
c:\program files (x86)\steam\steamapps\common\quake 4\boiling\win32\debug\game\force_spring.obj
c:\program files (x86)\steam\steamapps\common\quake 4\boiling\win32\debug\game\force_field.obj
c:\program files (x86)\steam\steamapps\common\quake 4\boiling\win32\debug\game\force_drag.obj
c:\program files (x86)\steam\steamapps\common\quake 4\boiling\win32\debug\game\force_constant.obj
c:\program files (x86)\steam\steamapps\common\quake 4\boiling\win32\debug\game\force.obj
c:\program files (x86)\steam\steamapps\common\quake 4\boiling\win32\debug\game\clip.obj
c:\program files (x86)\steam\steamapps\common\quake 4\boiling\win32\debug\game\multiplayergame.obj
c:\program files (x86)\steam\steamapps\common\quake 4\boiling\win32\debug\game\voicecomms.obj
c:\program files (x86)\steam\steamapps\common\quake 4\boiling\win32\debug\game\tourney.obj
c:\program files (x86)\steam\steamapps\common\quake 4\boiling\win32\debug\game\statwindow.obj
c:\program files (x86)\steam\steamapps\common\quake 4\boiling\win32\debug\game\statmanager.obj
c:\program files (x86)\steam\steamapps\common\quake 4\boiling\win32\debug\game\statevent.obj
c:\program files (x86)\steam\steamapps\common\quake 4\boiling\win32\debug\game\gamestate.obj
c:\program files (x86)\steam\steamapps\common\quake 4\boiling\win32\debug\game\ctf.obj
c:\program files (x86)\steam\steamapps\common\quake 4\boiling\win32\debug\game\buying.obj
c:\program files (x86)\steam\steamapps\common\quake 4\boiling\win32\debug\game\mover.obj
c:\program files (x86)\steam\steamapps\common\quake 4\boiling\win32\debug\game\moveable.obj
c:\program files (x86)\steam\steamapps\common\quake 4\boiling\win32\debug\game\misc.obj
c:\program files (x86)\steam\steamapps\common\quake 4\boiling\win32\debug\game\lipsync.obj
c:\program files (x86)\steam\steamapps\common\quake 4\boiling\win32\debug\game\light.obj
c:\program files (x86)\steam\steamapps\common\quake 4\boiling\win32\debug\game\pvs.obj
c:\program files (x86)\steam\steamapps\common\quake 4\boiling\win32\debug\game\projectile.obj
c:\program files (x86)\steam\steamapps\common\quake 4\boiling\win32\debug\game\player_states.obj
c:\program files (x86)\steam\steamapps\common\quake 4\boiling\win32\debug\game\player_cheats.obj
c:\program files (x86)\steam\steamapps\common\quake 4\boiling\win32\debug\game\playerview.obj
c:\program files (x86)\steam\steamapps\common\quake 4\boiling\win32\debug\game\player.obj
c:\program files (x86)\steam\steamapps\common\quake 4\boiling\win32\debug\game\playback.obj
c:\program files (x86)\steam\steamapps\common\quake 4\boiling\win32\debug\game\push.obj
c:\program files (x86)\steam\steamapps\common\quake 4\boiling\win32\debug\game\physics_vehiclemonster.obj
c:\program files (x86)\steam\steamapps\common\quake 4\boiling\win32\debug\game\physics_staticmulti.obj
c:\program files (x86)\steam\steamapps\common\quake 4\boiling\win32\debug\game\physics_static.obj
c:\program files (x86)\steam\steamapps\common\quake 4\boiling\win32\debug\game\physics_rigidbody.obj
c:\program files (x86)\steam\steamapps\common\quake 4\boiling\win32\debug\game\physics_player.obj
c:\program files (x86)\steam\steamapps\common\quake 4\boiling\win32\debug\game\physics_particle.obj
c:\program files (x86)\steam\steamapps\common\quake 4\boiling\win32\debug\game\physics_parametric.obj
c:\program files (x86)\steam\steamapps\common\quake 4\boiling\win32\debug\game\physics_monster.obj
c:\program files (x86)\steam\steamapps\common\quake 4\boiling\win32\debug\game\physics_base.obj
c:\program files (x86)\steam\steamapps\common\quake 4\boiling\win32\debug\game\physics_af.obj
c:\program files (x86)\steam\steamapps\common\quake 4\boiling\win32\debug\game\physics_actor.obj
c:\program files (x86)\steam\steamapps\common\quake 4\boiling\win32\debug\game\physics.obj
c:\program files (x86)\steam\steamapps\common\quake 4\boiling\win32\debug\game\vehiclerigid.obj
c:\program files (x86)\steam\steamapps\common\quake 4\boiling\win32\debug\game\vehicleposition.obj
c:\program files (x86)\steam\steamapps\common\quake 4\boiling\win32\debug\game\vehicleparts.obj
c:\program files (x86)\steam\steamapps\common\quake 4\boiling\win32\debug\game\vehiclemonster.obj
c:\program files (x86)\steam\steamapps\common\quake 4\boiling\win32\debug\game\vehicledriver.obj
c:\program files (x86)\steam\steamapps\common\quake 4\boiling\win32\debug\game\vehiclecontroller.obj
c:\program files (x86)\steam\steamapps\common\quake 4\boiling\win32\debug\game\vehicleanimated.obj
c:\program files (x86)\steam\steamapps\common\quake 4\boiling\win32\debug\game\vehicle.obj
c:\program files (x86)\steam\steamapps\common\quake 4\boiling\win32\debug\game\trigger.obj
c:\program files (x86)\steam\steamapps\common\quake 4\boiling\win32\debug\game\tramgate.obj
c:\program files (x86)\steam\steamapps\common\quake 4\boiling\win32\debug\game\target.obj
c:\program files (x86)\steam\steamapps\common\quake 4\boiling\win32\debug\game\splinemover.obj
c:\program files (x86)\steam\steamapps\common\quake 4\boiling\win32\debug\game\spawner.obj
c:\program files (x86)\steam\steamapps\common\quake 4\boiling\win32\debug\game\sound.obj
c:\program files (x86)\steam\steamapps\common\quake 4\boiling\win32\debug\game\securitycamera.obj
c:\program files (x86)\steam\steamapps\common\quake 4\boiling\win32\debug\game\script_thread.obj
c:\program files (x86)\steam\steamapps\common\quake 4\boiling\win32\debug\game\script_program.obj
c:\program files (x86)\steam\steamapps\common\quake 4\boiling\win32\debug\game\script_interpreter.obj
c:\program files (x86)\steam\steamapps\common\quake 4\boiling\win32\debug\game\script_compiler.obj
c:\program files (x86)\steam\steamapps\common\quake 4\boiling\win32\debug\game\scriptfuncutility.obj
c:\program files (x86)\steam\steamapps\common\quake 4\boiling\win32\debug\game\worldspawn.obj
c:\program files (x86)\steam\steamapps\common\quake 4\boiling\win32\debug\game\weaponshotgun.obj
c:\program files (x86)\steam\steamapps\common\quake 4\boiling\win32\debug\game\weaponrocketlauncher.obj
c:\program files (x86)\steam\steamapps\common\quake 4\boiling\win32\debug\game\weaponrailgun.obj
c:\program files (x86)\steam\steamapps\common\quake 4\boiling\win32\debug\game\weaponnapalmgun.obj
c:\program files (x86)\steam\steamapps\common\quake 4\boiling\win32\debug\game\weaponnailgun.obj
c:\program files (x86)\steam\steamapps\common\quake 4\boiling\win32\debug\game\weaponmachinegun.obj
c:\program files (x86)\steam\steamapps\common\quake 4\boiling\win32\debug\game\weaponlightninggun.obj
c:\program files (x86)\steam\steamapps\common\quake 4\boiling\win32\debug\game\weaponhyperblaster.obj
c:\program files (x86)\steam\steamapps\common\quake 4\boiling\win32\debug\game\weapongrenadelauncher.obj
c:\program files (x86)\steam\steamapps\common\quake 4\boiling\win32\debug\game\weapongauntlet.obj
c:\program files (x86)\steam\steamapps\common\quake 4\boiling\win32\debug\game\weapondarkmattergun.obj
c:\program files (x86)\steam\steamapps\common\quake 4\boiling\win32\debug\game\weaponblaster.obj
c:\program files (x86)\steam\steamapps\common\quake 4\boiling\win32\debug\game\weapon.obj
c:\program files (x86)\steam\steamapps\common\quake 4\boiling\win32\debug\game\vehicle_walker.obj
c:\program files (x86)\steam\steamapps\common\quake 4\boiling\win32\debug\game\vehicle_droppod.obj
c:\program files (x86)\steam\steamapps\common\quake 4\boiling\win32\debug\game\vehiclestatic.obj
c:\program files (x86)\steam\steamapps\common\quake 4\boiling\win32\debug\game\vehiclespline.obj
c:\program files (x86)\steam\steamapps\common\quake 4\boiling\win32\debug\game.ilk
c:\program files (x86)\steam\steamapps\common\quake 4\boiling\win32\debug\gamex86.dll
c:\program files (x86)\steam\steamapps\common\quake 4\boiling\win32\debug\idlib.idb
c:\program files (x86)\steam\steamapps\common\quake 4\boiling\win32\debug\idlib.pdb
c:\program files (x86)\steam\steamapps\common\quake 4\boiling\win32\debug\game.tlog\cl.command.1.tlog
c:\program files (x86)\steam\steamapps\common\quake 4\boiling\win32\debug\game.tlog\cl.read.1.tlog
c:\program files (x86)\steam\steamapps\common\quake 4\boiling\win32\debug\game.tlog\cl.write.1.tlog
c:\program files (x86)\steam\steamapps\common\quake 4\boiling\win32\debug\game.tlog\link.command.1.tlog
c:\program files (x86)\steam\steamapps\common\quake 4\boiling\win32\debug\game.tlog\link.read.1.tlog
c:\program files (x86)\steam\steamapps\common\quake 4\boiling\win32\debug\game.tlog\link.write.1.tlog
