c:\program files (x86)\steam\steamapps\common\quake 4\boiling\win32\debug\idlib\idlib.pch
c:\program files (x86)\steam\steamapps\common\quake 4\boiling\win32\debug\idlib.pdb
c:\program files (x86)\steam\steamapps\common\quake 4\boiling\win32\debug\idlib.idb
c:\program files (x86)\steam\steamapps\common\quake 4\boiling\win32\debug\idlib\lib.obj
c:\program files (x86)\steam\steamapps\common\quake 4\boiling\win32\debug\idlib\crc8.obj
c:\program files (x86)\steam\steamapps\common\quake 4\boiling\win32\debug\idlib\crc32.obj
c:\program files (x86)\steam\steamapps\common\quake 4\boiling\win32\debug\idlib\crc16.obj
c:\program files (x86)\steam\steamapps\common\quake 4\boiling\win32\debug\idlib\winding2d.obj
c:\program files (x86)\steam\steamapps\common\quake 4\boiling\win32\debug\idlib\winding.obj
c:\program files (x86)\steam\steamapps\common\quake 4\boiling\win32\debug\idlib\tracemodel.obj
c:\program files (x86)\steam\steamapps\common\quake 4\boiling\win32\debug\idlib\surface_sweptspline.obj
c:\program files (x86)\steam\steamapps\common\quake 4\boiling\win32\debug\idlib\surface_polytope.obj
c:\program files (x86)\steam\steamapps\common\quake 4\boiling\win32\debug\idlib\surface_patch.obj
c:\program files (x86)\steam\steamapps\common\quake 4\boiling\win32\debug\idlib\surface.obj
c:\program files (x86)\steam\steamapps\common\quake 4\boiling\win32\debug\idlib\jointtransform.obj
c:\program files (x86)\steam\steamapps\common\quake 4\boiling\win32\debug\idlib\dict.obj
c:\program files (x86)\steam\steamapps\common\quake 4\boiling\win32\debug\idlib\hashindex.obj
c:\program files (x86)\steam\steamapps\common\quake 4\boiling\win32\debug\idlib\cmdargs.obj
c:\program files (x86)\steam\steamapps\common\quake 4\boiling\win32\debug\idlib\sphere.obj
c:\program files (x86)\steam\steamapps\common\quake 4\boiling\win32\debug\idlib\frustum.obj
c:\program files (x86)\steam\steamapps\common\quake 4\boiling\win32\debug\idlib\box.obj
c:\program files (x86)\steam\steamapps\common\quake 4\boiling\win32\debug\idlib\bounds.obj
c:\program files (x86)\steam\steamapps\common\quake 4\boiling\win32\debug\idlib\bitmsg.obj
c:\program files (x86)\steam\steamapps\common\quake 4\boiling\win32\debug\idlib\base64.obj
c:\program files (x86)\steam\steamapps\common\quake 4\boiling\win32\debug\idlib\radians.obj
c:\program files (x86)\steam\steamapps\common\quake 4\boiling\win32\debug\idlib\quat.obj
c:\program files (x86)\steam\steamapps\common\quake 4\boiling\win32\debug\idlib\polynomial.obj
c:\program files (x86)\steam\steamapps\common\quake 4\boiling\win32\debug\idlib\pluecker.obj
c:\program files (x86)\steam\steamapps\common\quake 4\boiling\win32\debug\idlib\plane.obj
c:\program files (x86)\steam\steamapps\common\quake 4\boiling\win32\debug\idlib\ode.obj
c:\program files (x86)\steam\steamapps\common\quake 4\boiling\win32\debug\idlib\matrix.obj
c:\program files (x86)\steam\steamapps\common\quake 4\boiling\win32\debug\idlib\math.obj
c:\program files (x86)\steam\steamapps\common\quake 4\boiling\win32\debug\idlib\lcp.obj
c:\program files (x86)\steam\steamapps\common\quake 4\boiling\win32\debug\idlib\fft.obj
c:\program files (x86)\steam\steamapps\common\quake 4\boiling\win32\debug\idlib\complex.obj
c:\program files (x86)\steam\steamapps\common\quake 4\boiling\win32\debug\idlib\angles.obj
c:\program files (x86)\steam\steamapps\common\quake 4\boiling\win32\debug\idlib\mapfile.obj
c:\program files (x86)\steam\steamapps\common\quake 4\boiling\win32\debug\idlib\lexerfactory.obj
c:\program files (x86)\steam\steamapps\common\quake 4\boiling\win32\debug\idlib\lexer.obj
c:\program files (x86)\steam\steamapps\common\quake 4\boiling\win32\debug\idlib\langdict.obj
c:\program files (x86)\steam\steamapps\common\quake 4\boiling\win32\debug\idlib\heap.obj
c:\program files (x86)\steam\steamapps\common\quake 4\boiling\win32\debug\idlib\md5.obj
c:\program files (x86)\steam\steamapps\common\quake 4\boiling\win32\debug\idlib\md4.obj
c:\program files (x86)\steam\steamapps\common\quake 4\boiling\win32\debug\idlib\honeyman.obj
c:\program files (x86)\steam\steamapps\common\quake 4\boiling\win32\debug\idlib\token.obj
c:\program files (x86)\steam\steamapps\common\quake 4\boiling\win32\debug\idlib\timingcollection.obj
c:\program files (x86)\steam\steamapps\common\quake 4\boiling\win32\debug\idlib\timer.obj
c:\program files (x86)\steam\steamapps\common\quake 4\boiling\win32\debug\idlib\textcompiler.obj
c:\program files (x86)\steam\steamapps\common\quake 4\boiling\win32\debug\idlib\str.obj
c:\program files (x86)\steam\steamapps\common\quake 4\boiling\win32\debug\idlib\rvmemsys.obj
c:\program files (x86)\steam\steamapps\common\quake 4\boiling\win32\debug\idlib\rvheaparena.obj
c:\program files (x86)\steam\steamapps\common\quake 4\boiling\win32\debug\idlib\rvheap.obj
c:\program files (x86)\steam\steamapps\common\quake 4\boiling\win32\debug\idlib\parser.obj
c:\program files (x86)\steam\steamapps\common\quake 4\boiling\win32\debug\idlib\vector.obj
c:\program files (x86)\steam\steamapps\common\quake 4\boiling\win32\debug\idlib\simd_sse3.obj
c:\program files (x86)\steam\steamapps\common\quake 4\boiling\win32\debug\idlib\simd_sse2.obj
c:\program files (x86)\steam\steamapps\common\quake 4\boiling\win32\debug\idlib\simd_sse.obj
c:\program files (x86)\steam\steamapps\common\quake 4\boiling\win32\debug\idlib\simd_mmx.obj
c:\program files (x86)\steam\steamapps\common\quake 4\boiling\win32\debug\idlib\simd_generic.obj
c:\program files (x86)\steam\steamapps\common\quake 4\boiling\win32\debug\idlib\simd_3dnow.obj
c:\program files (x86)\steam\steamapps\common\quake 4\boiling\win32\debug\idlib\simd.obj
c:\program files (x86)\steam\steamapps\common\quake 4\boiling\win32\debug\idlib\rotation.obj
c:\program files (x86)\steam\steamapps\common\quake 4\boiling\win32\debug\idlib.lib
c:\program files (x86)\steam\steamapps\common\quake 4\boiling\win32\debug\game.ilk
c:\program files (x86)\steam\steamapps\common\quake 4\boiling\win32\debug\mpgame.ilk
c:\program files (x86)\steam\steamapps\common\quake 4\boiling\win32\debug\gamex86.exp
c:\program files (x86)\steam\steamapps\common\quake 4\boiling\win32\debug\mpgamex86.exp
c:\program files (x86)\steam\steamapps\common\quake 4\boiling\win32\debug\gamex86.idb
c:\program files (x86)\steam\steamapps\common\quake 4\boiling\win32\debug\mpgamex86.idb
c:\program files (x86)\steam\steamapps\common\quake 4\boiling\win32\debug\gamex86.pdb
c:\program files (x86)\steam\steamapps\common\quake 4\boiling\win32\debug\mpgamex86.pdb
c:\program files (x86)\steam\steamapps\common\quake 4\boiling\win32\debug\idlib.tlog\cl.command.1.tlog
c:\program files (x86)\steam\steamapps\common\quake 4\boiling\win32\debug\idlib.tlog\cl.read.1.tlog
c:\program files (x86)\steam\steamapps\common\quake 4\boiling\win32\debug\idlib.tlog\cl.write.1.tlog
c:\program files (x86)\steam\steamapps\common\quake 4\boiling\win32\debug\idlib.tlog\lib-link.read.1.tlog
c:\program files (x86)\steam\steamapps\common\quake 4\boiling\win32\debug\idlib.tlog\lib-link.write.1.tlog
c:\program files (x86)\steam\steamapps\common\quake 4\boiling\win32\debug\idlib.tlog\lib.command.1.tlog
