c:\program files (x86)\steam\steamapps\common\quake 4\boiling\win32\release\mpgame\mpgame.pch
c:\program files (x86)\steam\steamapps\common\quake 4\boiling\win32\release\mpgamex86.pdb
c:\program files (x86)\steam\steamapps\common\quake 4\boiling\win32\release\mpgame\af.obj
c:\program files (x86)\steam\steamapps\common\quake 4\boiling\win32\release\mpgame\ai_util.obj
c:\program files (x86)\steam\steamapps\common\quake 4\boiling\win32\release\mpgame\ai_tactical.obj
c:\program files (x86)\steam\steamapps\common\quake 4\boiling\win32\release\mpgame\ai_states.obj
c:\program files (x86)\steam\steamapps\common\quake 4\boiling\win32\release\mpgame\ai_pathing.obj
c:\program files (x86)\steam\steamapps\common\quake 4\boiling\win32\release\mpgame\ai_move.obj
c:\program files (x86)\steam\steamapps\common\quake 4\boiling\win32\release\mpgame\ai_medic.obj
c:\program files (x86)\steam\steamapps\common\quake 4\boiling\win32\release\mpgame\ai_manager.obj
c:\program files (x86)\steam\steamapps\common\quake 4\boiling\win32\release\mpgame\ai_events.obj
c:\program files (x86)\steam\steamapps\common\quake 4\boiling\win32\release\mpgame\ai_debug.obj
c:\program files (x86)\steam\steamapps\common\quake 4\boiling\win32\release\mpgame\ai_announcements.obj
c:\program files (x86)\steam\steamapps\common\quake 4\boiling\win32\release\mpgame\ai_actions.obj
c:\program files (x86)\steam\steamapps\common\quake 4\boiling\win32\release\mpgame\ai.obj
c:\program files (x86)\steam\steamapps\common\quake 4\boiling\win32\release\mpgame\aas_tactical.obj
c:\program files (x86)\steam\steamapps\common\quake 4\boiling\win32\release\mpgame\aas_routing.obj
c:\program files (x86)\steam\steamapps\common\quake 4\boiling\win32\release\mpgame\aas_pathing.obj
c:\program files (x86)\steam\steamapps\common\quake 4\boiling\win32\release\mpgame\aas_find.obj
c:\program files (x86)\steam\steamapps\common\quake 4\boiling\win32\release\mpgame\aas_debug.obj
c:\program files (x86)\steam\steamapps\common\quake 4\boiling\win32\release\mpgame\aas.obj
c:\program files (x86)\steam\steamapps\common\quake 4\boiling\win32\release\mpgame\afentity.obj
c:\program files (x86)\steam\steamapps\common\quake 4\boiling\win32\release\mpgame\actor.obj
c:\program files (x86)\steam\steamapps\common\quake 4\boiling\win32\release\mpgame\monster_slimytransfer.obj
c:\program files (x86)\steam\steamapps\common\quake 4\boiling\win32\release\mpgame\monster_sentry.obj
c:\program files (x86)\steam\steamapps\common\quake 4\boiling\win32\release\mpgame\monster_scientist.obj
c:\program files (x86)\steam\steamapps\common\quake 4\boiling\win32\release\mpgame\monster_repairbot.obj
c:\program files (x86)\steam\steamapps\common\quake 4\boiling\win32\release\mpgame\monster_networkguardian.obj
c:\program files (x86)\steam\steamapps\common\quake 4\boiling\win32\release\mpgame\monster_lighttank.obj
c:\program files (x86)\steam\steamapps\common\quake 4\boiling\win32\release\mpgame\monster_ironmaiden.obj
c:\program files (x86)\steam\steamapps\common\quake 4\boiling\win32\release\mpgame\monster_heavyhovertank.obj
c:\program files (x86)\steam\steamapps\common\quake 4\boiling\win32\release\mpgame\monster_harvesterdispersal.obj
c:\program files (x86)\steam\steamapps\common\quake 4\boiling\win32\release\mpgame\monster_harvester.obj
c:\program files (x86)\steam\steamapps\common\quake 4\boiling\win32\release\mpgame\monster_gunner.obj
c:\program files (x86)\steam\steamapps\common\quake 4\boiling\win32\release\mpgame\monster_grunt.obj
c:\program files (x86)\steam\steamapps\common\quake 4\boiling\win32\release\mpgame\monster_gladiator.obj
c:\program files (x86)\steam\steamapps\common\quake 4\boiling\win32\release\mpgame\monster_fatty.obj
c:\program files (x86)\steam\steamapps\common\quake 4\boiling\win32\release\mpgame\monster_failedtransfer.obj
c:\program files (x86)\steam\steamapps\common\quake 4\boiling\win32\release\mpgame\monster_convoyhover.obj
c:\program files (x86)\steam\steamapps\common\quake 4\boiling\win32\release\mpgame\monster_convoyground.obj
c:\program files (x86)\steam\steamapps\common\quake 4\boiling\win32\release\mpgame\monster_bossmakron.obj
c:\program files (x86)\steam\steamapps\common\quake 4\boiling\win32\release\mpgame\monster_bossbuddy.obj
c:\program files (x86)\steam\steamapps\common\quake 4\boiling\win32\release\mpgame\monster_berserker.obj
c:\program files (x86)\steam\steamapps\common\quake 4\boiling\win32\release\mpgame\effect.obj
c:\program files (x86)\steam\steamapps\common\quake 4\boiling\win32\release\mpgame\clientmoveable.obj
c:\program files (x86)\steam\steamapps\common\quake 4\boiling\win32\release\mpgame\clientmodel.obj
c:\program files (x86)\steam\steamapps\common\quake 4\boiling\win32\release\mpgame\cliententity.obj
c:\program files (x86)\steam\steamapps\common\quake 4\boiling\win32\release\mpgame\clienteffect.obj
c:\program files (x86)\steam\steamapps\common\quake 4\boiling\win32\release\mpgame\clientafentity.obj
c:\program files (x86)\steam\steamapps\common\quake 4\boiling\win32\release\mpgame\camera.obj
c:\program files (x86)\steam\steamapps\common\quake 4\boiling\win32\release\mpgame\brittlefracture.obj
c:\program files (x86)\steam\steamapps\common\quake 4\boiling\win32\release\mpgame\anim_testmodel.obj
c:\program files (x86)\steam\steamapps\common\quake 4\boiling\win32\release\mpgame\anim_import.obj
c:\program files (x86)\steam\steamapps\common\quake 4\boiling\win32\release\mpgame\anim_blend.obj
c:\program files (x86)\steam\steamapps\common\quake 4\boiling\win32\release\mpgame\anim.obj
c:\program files (x86)\steam\steamapps\common\quake 4\boiling\win32\release\mpgame\vehicleai.obj
c:\program files (x86)\steam\steamapps\common\quake 4\boiling\win32\release\mpgame\monster_turretflying.obj
c:\program files (x86)\steam\steamapps\common\quake 4\boiling\win32\release\mpgame\monster_turret.obj
c:\program files (x86)\steam\steamapps\common\quake 4\boiling\win32\release\mpgame\monster_teleportdropper.obj
c:\program files (x86)\steam\steamapps\common\quake 4\boiling\win32\release\mpgame\monster_stroggmarine.obj
c:\program files (x86)\steam\steamapps\common\quake 4\boiling\win32\release\mpgame\monster_strogghover.obj
c:\program files (x86)\steam\steamapps\common\quake 4\boiling\win32\release\mpgame\monster_stroggflyer.obj
c:\program files (x86)\steam\steamapps\common\quake 4\boiling\win32\release\mpgame\monster_streamprotector.obj
c:\program files (x86)\steam\steamapps\common\quake 4\boiling\win32\release\mpgame\lagometer.obj
c:\program files (x86)\steam\steamapps\common\quake 4\boiling\win32\release\mpgame\item.obj
c:\program files (x86)\steam\steamapps\common\quake 4\boiling\win32\release\mpgame\instance.obj
c:\program files (x86)\steam\steamapps\common\quake 4\boiling\win32\release\mpgame\ik.obj
c:\program files (x86)\steam\steamapps\common\quake 4\boiling\win32\release\mpgame\iconmanager.obj
c:\program files (x86)\steam\steamapps\common\quake 4\boiling\win32\release\mpgame\icon.obj
c:\program files (x86)\steam\steamapps\common\quake 4\boiling\win32\release\mpgame\healing_station.obj
c:\program files (x86)\steam\steamapps\common\quake 4\boiling\win32\release\mpgame\game_network.obj
c:\program files (x86)\steam\steamapps\common\quake 4\boiling\win32\release\mpgame\game_log.obj
c:\program files (x86)\steam\steamapps\common\quake 4\boiling\win32\release\mpgame\game_local.obj
c:\program files (x86)\steam\steamapps\common\quake 4\boiling\win32\release\mpgame\game_debug.obj
c:\program files (x86)\steam\steamapps\common\quake 4\boiling\win32\release\mpgame\syscvar.obj
c:\program files (x86)\steam\steamapps\common\quake 4\boiling\win32\release\mpgame\syscmds.obj
c:\program files (x86)\steam\steamapps\common\quake 4\boiling\win32\release\mpgame\state.obj
c:\program files (x86)\steam\steamapps\common\quake 4\boiling\win32\release\mpgame\savegame.obj
c:\program files (x86)\steam\steamapps\common\quake 4\boiling\win32\release\mpgame\event.obj
c:\program files (x86)\steam\steamapps\common\quake 4\boiling\win32\release\mpgame\debuggraph.obj
c:\program files (x86)\steam\steamapps\common\quake 4\boiling\win32\release\mpgame\class.obj
c:\program files (x86)\steam\steamapps\common\quake 4\boiling\win32\release\mpgame\gameedit.obj
c:\program files (x86)\steam\steamapps\common\quake 4\boiling\win32\release\mpgame\entity.obj
c:\program files (x86)\steam\steamapps\common\quake 4\boiling\win32\release\mpgame\force_spring.obj
c:\program files (x86)\steam\steamapps\common\quake 4\boiling\win32\release\mpgame\force_field.obj
c:\program files (x86)\steam\steamapps\common\quake 4\boiling\win32\release\mpgame\force_drag.obj
c:\program files (x86)\steam\steamapps\common\quake 4\boiling\win32\release\mpgame\force_constant.obj
c:\program files (x86)\steam\steamapps\common\quake 4\boiling\win32\release\mpgame\force.obj
c:\program files (x86)\steam\steamapps\common\quake 4\boiling\win32\release\mpgame\clip.obj
c:\program files (x86)\steam\steamapps\common\quake 4\boiling\win32\release\mpgame\multiplayergame.obj
c:\program files (x86)\steam\steamapps\common\quake 4\boiling\win32\release\mpgame\voicecomms.obj
c:\program files (x86)\steam\steamapps\common\quake 4\boiling\win32\release\mpgame\tourney.obj
c:\program files (x86)\steam\steamapps\common\quake 4\boiling\win32\release\mpgame\statwindow.obj
c:\program files (x86)\steam\steamapps\common\quake 4\boiling\win32\release\mpgame\statmanager.obj
c:\program files (x86)\steam\steamapps\common\quake 4\boiling\win32\release\mpgame\statevent.obj
c:\program files (x86)\steam\steamapps\common\quake 4\boiling\win32\release\mpgame\gamestate.obj
c:\program files (x86)\steam\steamapps\common\quake 4\boiling\win32\release\mpgame\ctf.obj
c:\program files (x86)\steam\steamapps\common\quake 4\boiling\win32\release\mpgame\buying.obj
c:\program files (x86)\steam\steamapps\common\quake 4\boiling\win32\release\mpgame\mover.obj
c:\program files (x86)\steam\steamapps\common\quake 4\boiling\win32\release\mpgame\moveable.obj
c:\program files (x86)\steam\steamapps\common\quake 4\boiling\win32\release\mpgame\misc.obj
c:\program files (x86)\steam\steamapps\common\quake 4\boiling\win32\release\mpgame\lipsync.obj
c:\program files (x86)\steam\steamapps\common\quake 4\boiling\win32\release\mpgame\light.obj
c:\program files (x86)\steam\steamapps\common\quake 4\boiling\win32\release\mpgame\pvs.obj
c:\program files (x86)\steam\steamapps\common\quake 4\boiling\win32\release\mpgame\projectile.obj
c:\program files (x86)\steam\steamapps\common\quake 4\boiling\win32\release\mpgame\player_states.obj
c:\program files (x86)\steam\steamapps\common\quake 4\boiling\win32\release\mpgame\player_cheats.obj
c:\program files (x86)\steam\steamapps\common\quake 4\boiling\win32\release\mpgame\playerview.obj
c:\program files (x86)\steam\steamapps\common\quake 4\boiling\win32\release\mpgame\player.obj
c:\program files (x86)\steam\steamapps\common\quake 4\boiling\win32\release\mpgame\playback.obj
c:\program files (x86)\steam\steamapps\common\quake 4\boiling\win32\release\mpgame\push.obj
c:\program files (x86)\steam\steamapps\common\quake 4\boiling\win32\release\mpgame\physics_vehiclemonster.obj
c:\program files (x86)\steam\steamapps\common\quake 4\boiling\win32\release\mpgame\physics_staticmulti.obj
c:\program files (x86)\steam\steamapps\common\quake 4\boiling\win32\release\mpgame\physics_static.obj
c:\program files (x86)\steam\steamapps\common\quake 4\boiling\win32\release\mpgame\physics_rigidbody.obj
c:\program files (x86)\steam\steamapps\common\quake 4\boiling\win32\release\mpgame\physics_player.obj
c:\program files (x86)\steam\steamapps\common\quake 4\boiling\win32\release\mpgame\physics_particle.obj
c:\program files (x86)\steam\steamapps\common\quake 4\boiling\win32\release\mpgame\physics_parametric.obj
c:\program files (x86)\steam\steamapps\common\quake 4\boiling\win32\release\mpgame\physics_monster.obj
c:\program files (x86)\steam\steamapps\common\quake 4\boiling\win32\release\mpgame\physics_base.obj
c:\program files (x86)\steam\steamapps\common\quake 4\boiling\win32\release\mpgame\physics_af.obj
c:\program files (x86)\steam\steamapps\common\quake 4\boiling\win32\release\mpgame\physics_actor.obj
c:\program files (x86)\steam\steamapps\common\quake 4\boiling\win32\release\mpgame\physics.obj
c:\program files (x86)\steam\steamapps\common\quake 4\boiling\win32\release\mpgame\vehiclerigid.obj
c:\program files (x86)\steam\steamapps\common\quake 4\boiling\win32\release\mpgame\vehicleposition.obj
c:\program files (x86)\steam\steamapps\common\quake 4\boiling\win32\release\mpgame\vehicleparts.obj
c:\program files (x86)\steam\steamapps\common\quake 4\boiling\win32\release\mpgame\vehiclemonster.obj
c:\program files (x86)\steam\steamapps\common\quake 4\boiling\win32\release\mpgame\vehicledriver.obj
c:\program files (x86)\steam\steamapps\common\quake 4\boiling\win32\release\mpgame\vehiclecontroller.obj
c:\program files (x86)\steam\steamapps\common\quake 4\boiling\win32\release\mpgame\vehicleanimated.obj
c:\program files (x86)\steam\steamapps\common\quake 4\boiling\win32\release\mpgame\vehicle.obj
c:\program files (x86)\steam\steamapps\common\quake 4\boiling\win32\release\mpgame\trigger.obj
c:\program files (x86)\steam\steamapps\common\quake 4\boiling\win32\release\mpgame\tramgate.obj
c:\program files (x86)\steam\steamapps\common\quake 4\boiling\win32\release\mpgame\target.obj
c:\program files (x86)\steam\steamapps\common\quake 4\boiling\win32\release\mpgame\splinemover.obj
c:\program files (x86)\steam\steamapps\common\quake 4\boiling\win32\release\mpgame\spawner.obj
c:\program files (x86)\steam\steamapps\common\quake 4\boiling\win32\release\mpgame\sound.obj
c:\program files (x86)\steam\steamapps\common\quake 4\boiling\win32\release\mpgame\securitycamera.obj
c:\program files (x86)\steam\steamapps\common\quake 4\boiling\win32\release\mpgame\script_thread.obj
c:\program files (x86)\steam\steamapps\common\quake 4\boiling\win32\release\mpgame\script_program.obj
c:\program files (x86)\steam\steamapps\common\quake 4\boiling\win32\release\mpgame\script_interpreter.obj
c:\program files (x86)\steam\steamapps\common\quake 4\boiling\win32\release\mpgame\script_compiler.obj
c:\program files (x86)\steam\steamapps\common\quake 4\boiling\win32\release\mpgame\scriptfuncutility.obj
c:\program files (x86)\steam\steamapps\common\quake 4\boiling\win32\release\mpgame\worldspawn.obj
c:\program files (x86)\steam\steamapps\common\quake 4\boiling\win32\release\mpgame\weaponshotgun.obj
c:\program files (x86)\steam\steamapps\common\quake 4\boiling\win32\release\mpgame\weaponrocketlauncher.obj
c:\program files (x86)\steam\steamapps\common\quake 4\boiling\win32\release\mpgame\weaponrailgun.obj
c:\program files (x86)\steam\steamapps\common\quake 4\boiling\win32\release\mpgame\weaponnapalmgun.obj
c:\program files (x86)\steam\steamapps\common\quake 4\boiling\win32\release\mpgame\weaponnailgun.obj
c:\program files (x86)\steam\steamapps\common\quake 4\boiling\win32\release\mpgame\weaponmachinegun.obj
c:\program files (x86)\steam\steamapps\common\quake 4\boiling\win32\release\mpgame\weaponlightninggun.obj
c:\program files (x86)\steam\steamapps\common\quake 4\boiling\win32\release\mpgame\weaponhyperblaster.obj
c:\program files (x86)\steam\steamapps\common\quake 4\boiling\win32\release\mpgame\weapongrenadelauncher.obj
c:\program files (x86)\steam\steamapps\common\quake 4\boiling\win32\release\mpgame\weapongauntlet.obj
c:\program files (x86)\steam\steamapps\common\quake 4\boiling\win32\release\mpgame\weapondarkmattergun.obj
c:\program files (x86)\steam\steamapps\common\quake 4\boiling\win32\release\mpgame\weaponblaster.obj
c:\program files (x86)\steam\steamapps\common\quake 4\boiling\win32\release\mpgame\weapon.obj
c:\program files (x86)\steam\steamapps\common\quake 4\boiling\win32\release\mpgame\vehicle_walker.obj
c:\program files (x86)\steam\steamapps\common\quake 4\boiling\win32\release\mpgame\vehicle_droppod.obj
c:\program files (x86)\steam\steamapps\common\quake 4\boiling\win32\release\mpgame\vehiclestatic.obj
c:\program files (x86)\steam\steamapps\common\quake 4\boiling\win32\release\mpgame\vehiclespline.obj
c:\program files (x86)\steam\steamapps\common\quake 4\boiling\win32\release\mpgamex86.dll
c:\program files (x86)\steam\steamapps\common\quake 4\boiling\win32\release\mpgamex86.map
c:\program files (x86)\steam\steamapps\common\quake 4\boiling\win32\release\idlib.pdb
c:\program files (x86)\steam\steamapps\common\quake 4\boiling\win32\release\mpgame.tlog\cl.command.1.tlog
c:\program files (x86)\steam\steamapps\common\quake 4\boiling\win32\release\mpgame.tlog\cl.read.1.tlog
c:\program files (x86)\steam\steamapps\common\quake 4\boiling\win32\release\mpgame.tlog\cl.write.1.tlog
c:\program files (x86)\steam\steamapps\common\quake 4\boiling\win32\release\mpgame.tlog\link.command.1.tlog
c:\program files (x86)\steam\steamapps\common\quake 4\boiling\win32\release\mpgame.tlog\link.read.1.tlog
c:\program files (x86)\steam\steamapps\common\quake 4\boiling\win32\release\mpgame.tlog\link.write.1.tlog
